logger initialization done!
[*] Running main at 20200203_223932
Directory 'results' is not created, it already exists.
[*] Running main, done.
[*] Elapsed 0:00:00.014615 since the begging of script.
logger initialization done!
[*] Running main at 20200203_224108
Directory 'results' is not created, it already exists.
[*] Running main, done.
[*] Elapsed 0:00:00.010056 since the begging of script.
logger initialization done!
[*] Running main at 20200203_224225
Directory 'results' is not created, it already exists.
[*] Running main, done.
[*] Elapsed 0:00:00.011296 since the begging of script.
logger initialization done!
[*] Running main at 20200203_224549
Directory 'results' is not created, it already exists.
[*] Running main, done.
[*] Elapsed 0:00:00.069721 since the begging of script.
