logger initialization done!
[*] Running main at 20200203_161753
Directory 'logs' is not created, it already exists.
Directory 'results' is not created, it already exists.
[*] Running main, done.
[*] Elapsed 0:00:00.007012 since the begging of script.
logger initialization done!
[*] Running main at 20200203_161817
Directory 'logs' is not created, it already exists.
Directory 'results' is not created, it already exists.
[*] Running main, done.
[*] Elapsed 0:00:00.011194 since the begging of script.
logger initialization done!
[*] Running main at 20200203_161843
Directory 'logs' is not created, it already exists.
Directory 'results' is not created, it already exists.
[*] Running main, done.
[*] Elapsed 0:00:00.007481 since the begging of script.
logger initialization done!
[*] Running main at 20200203_162148
Directory 'logs' is not created, it already exists.
Directory 'results' is not created, it already exists.
[*] Running main, done.
[*] Elapsed 0:00:00.011573 since the begging of script.
logger initialization done!
[*] Running main at 20200203_162426
Directory 'logs' is not created, it already exists.
Directory 'results' is not created, it already exists.
[*] Running main, done.
[*] Elapsed 0:00:00.006474 since the begging of script.
logger initialization done!
[*] Running main at 20200203_162800
Directory 'logs' is not created, it already exists.
Directory 'results' is not created, it already exists.
[*] Running main, done.
[*] Elapsed 0:00:00.009581 since the begging of script.
logger initialization done!
[*] Running main at 20200203_162812
Directory 'logs' is not created, it already exists.
Directory 'results' is not created, it already exists.
logger initialization done!
[*] Running main at 20200203_162932
Directory 'logs' is not created, it already exists.
Directory 'results' is not created, it already exists.
logger initialization done!
[*] Running main at 20200203_162954
Directory 'logs' is not created, it already exists.
Directory 'results' is not created, it already exists.
[*] Running main, done.
[*] Elapsed 0:00:00.015224 since the begging of script.
logger initialization done!
[*] Running main at 20200203_163352
Directory 'logs' is not created, it already exists.
Directory 'results' is not created, it already exists.
logger initialization done!
[*] Running main at 20200203_163425
Directory 'logs' is not created, it already exists.
Directory 'results' is not created, it already exists.
logger initialization done!
[*] Running main at 20200203_163433
Directory 'logs' is not created, it already exists.
Directory 'results' is not created, it already exists.
logger initialization done!
[*] Running main at 20200203_163440
Directory 'logs' is not created, it already exists.
Directory 'results' is not created, it already exists.
logger initialization done!
[*] Running main at 20200203_163509
Directory 'logs' is not created, it already exists.
Directory 'results' is not created, it already exists.
[*] Running main, done.
[*] Elapsed 0:00:00.030154 since the begging of script.
